2026-01-26 09:30:34 - main_app - INFO - 启动同心度检测系统...
2026-01-26 09:30:48 - UI - ERROR - 加载图像失败: 无法读取图像文件
2026-01-26 09:30:53 - main_app - INFO - 应用程序正常退出
2026-01-26 09:44:20 - main_app - INFO - 启动同心度检测系统...
2026-01-26 09:44:27 - UI - ERROR - 加载图像失败: 无法读取图像文件
2026-01-26 09:44:28 - main_app - INFO - 应用程序正常退出
2026-01-26 09:58:50 - main_app - INFO - 启动同心度检测系统...
2026-01-26 09:59:04 - UI - ERROR - 检测过程中出错: 'ImagePreprocessor' object has no attribute 'process'
2026-01-26 10:06:42 - UI - ERROR - 检测过程中出错: 'ImagePreprocessor' object has no attribute 'process'
2026-01-26 10:20:45 - main_app - INFO - 应用程序正常退出
2026-01-26 10:20:52 - main_app - INFO - 启动同心度检测系统...
2026-01-26 10:21:00 - UI - ERROR - 检测过程中出错: CircleDetector.detect_circles() got an unexpected keyword argument 'dp'
2026-01-26 10:21:17 - main_app - INFO - 应用程序正常退出
2026-01-26 10:30:34 - main_app - INFO - 启动同心度检测系统...
2026-01-26 10:30:59 - UI - ERROR - 检测过程中出错: float division by zero
2026-01-26 10:31:10 - main_app - INFO - 应用程序正常退出
2026-01-26 10:35:04 - main_app - INFO - 启动同心度检测系统...
2026-01-26 10:35:29 - UI - ERROR - 检测过程中出错: float division by zero
2026-01-26 10:35:32 - main_app - INFO - 应用程序正常退出
2026-01-26 10:37:28 - main_app - INFO - 启动同心度检测系统...
2026-01-26 10:37:52 - UI - ERROR - 检测过程中出错: float division by zero
2026-01-26 10:38:01 - main_app - INFO - 应用程序正常退出
2026-01-26 10:42:30 - main_app - INFO - 启动同心度检测系统...
2026-01-26 10:42:54 - UI - ERROR - 检测过程中出错: float division by zero
2026-01-26 10:42:57 - main_app - INFO - 应用程序正常退出
2026-01-26 10:55:45 - main_app - INFO - 启动同心度检测系统...
2026-01-26 10:56:12 - UI - ERROR - 检测过程中出错: float division by zero
详细错误信息:
Traceback (most recent call last):
  File "D:\严波\pythonProject2\ui\main_window.py", line 397, in start_detection
    circles = self.circle_detector.detect_circles(
              ^^^^^^^^^^^^^^^^^^^^^^^^^^^^^^^^^^^^
  File "D:\严波\pythonProject2\core\circle_detection.py", line 59, in detect_circles
    circles = self._improved_hough_transform(gray)
              ^^^^^^^^^^^^^^^^^^^^^^^^^^^^^^^^^^^^
  File "D:\严波\pythonProject2\core\circle_detection.py", line 172, in _improved_hough_transform
    merged_circles = self._merge_similar_circles(all_circles)
                     ^^^^^^^^^^^^^^^^^^^^^^^^^^^^^^^^^^^^^^^^
  File "D:\严波\pythonProject2\core\circle_detection.py", line 477, in _merge_similar_circles
    x_weighted = sum(circles[idx]['x'] * circles[idx]['confidence']
                 ^^^^^^^^^^^^^^^^^^^^^^^^^^^^^^^^^^^^^^^^^^^^^^^^^^
ZeroDivisionError: float division by zero

2026-01-26 10:56:19 - main_app - INFO - 应用程序正常退出
2026-01-26 11:01:25 - main_app - INFO - 启动同心度检测系统...
2026-01-26 11:01:49 - UI - ERROR - 检测过程中出错: 检测到的圆数量不足: 1
详细错误信息:
Traceback (most recent call last):
  File "D:\严波\pythonProject2\ui\main_window.py", line 438, in start_detection
    raise ValueError(f"检测到的圆数量不足: {len(circles)}")
ValueError: 检测到的圆数量不足: 1

2026-01-26 11:01:57 - main_app - INFO - 应用程序正常退出
2026-01-26 11:03:37 - main_app - INFO - 启动同心度检测系统...
2026-01-26 11:03:58 - main_app - INFO - 应用程序正常退出
2026-01-26 18:19:46 - main_app - INFO - 启动同心度检测系统...
2026-01-26 18:20:11 - UI - ERROR - 检测过程中出错: 检测到的圆数量不足: 1
详细错误信息:
Traceback (most recent call last):
  File "D:\严波\pythonProject2\ui\main_window.py", line 438, in start_detection
    raise ValueError(f"检测到的圆数量不足: {len(circles)}")
ValueError: 检测到的圆数量不足: 1

2026-01-26 18:20:16 - main_app - INFO - 应用程序正常退出
2026-01-26 18:51:41 - main_app - INFO - 启动同心度检测系统...
2026-01-26 18:52:07 - UI - ERROR - 检测过程中出错: 检测到的圆数量不足: 1
详细错误信息:
Traceback (most recent call last):
  File "D:\严波\pythonProject2\ui\main_window.py", line 438, in start_detection
    raise ValueError(f"检测到的圆数量不足: {len(circles)}")
ValueError: 检测到的圆数量不足: 1

2026-01-26 18:52:09 - main_app - INFO - 应用程序正常退出
2026-01-26 18:59:57 - main_app - INFO - 启动同心度检测系统...
2026-01-26 19:01:18 - main_app - INFO - 应用程序正常退出
